<?xml version="1.0" encoding="UTF-8"?>
<coverage generated="1739851176116" clover="3.2.0">
  <project timestamp="1739851176116" name="All files">
    <metrics statements="90" coveredstatements="60" conditionals="30" coveredconditionals="15" methods="24" coveredmethods="14" elements="144" coveredelements="89" complexity="0" loc="90" ncloc="90" packages="1" files="3" classes="3"/>
    <file name="dataProcessor.ts" path="/Users/hirokazu/Developer/brightsign/fakerest-test/src/dataProcessor.ts">
      <metrics statements="36" coveredstatements="36" conditionals="8" coveredconditionals="7" methods="8" coveredmethods="8"/>
      <line num="2" count="1" type="stmt"/>
      <line num="12" count="8" type="stmt"/>
      <line num="13" count="8" type="stmt"/>
      <line num="14" count="16" type="cond" truecount="1" falsecount="0"/>
      <line num="15" count="11" type="stmt"/>
      <line num="22" count="16" type="stmt"/>
      <line num="23" count="16" type="stmt"/>
      <line num="24" count="16" type="stmt"/>
      <line num="25" count="16" type="stmt"/>
      <line num="26" count="16" type="cond" truecount="1" falsecount="0"/>
      <line num="27" count="11" type="stmt"/>
      <line num="30" count="8" type="stmt"/>
      <line num="34" count="8" type="stmt"/>
      <line num="35" count="8" type="stmt"/>
      <line num="36" count="8" type="stmt"/>
      <line num="38" count="8" type="stmt"/>
      <line num="39" count="11" type="stmt"/>
      <line num="41" count="11" type="cond" truecount="1" falsecount="1"/>
      <line num="42" count="11" type="stmt"/>
      <line num="43" count="11" type="stmt"/>
      <line num="44" count="11" type="stmt"/>
      <line num="47" count="8" type="stmt"/>
      <line num="54" count="1" type="stmt"/>
      <line num="57" count="8" type="stmt"/>
      <line num="59" count="8" type="stmt"/>
      <line num="61" count="8" type="stmt"/>
      <line num="62" count="8" type="stmt"/>
      <line num="64" count="8" type="stmt"/>
      <line num="65" count="16" type="stmt"/>
      <line num="66" count="16" type="cond" truecount="2" falsecount="0"/>
      <line num="67" count="16" type="stmt"/>
      <line num="68" count="20" type="stmt"/>
      <line num="69" count="35" type="cond" truecount="2" falsecount="0"/>
      <line num="74" count="8" type="stmt"/>
      <line num="75" count="8" type="stmt"/>
      <line num="77" count="8" type="stmt"/>
    </file>
    <file name="index.ts" path="/Users/hirokazu/Developer/brightsign/fakerest-test/src/index.ts">
      <metrics statements="24" coveredstatements="0" conditionals="7" coveredconditionals="0" methods="5" coveredmethods="0"/>
      <line num="3" count="0" type="stmt"/>
      <line num="5" count="0" type="stmt"/>
      <line num="6" count="0" type="stmt"/>
      <line num="10" count="0" type="stmt"/>
      <line num="11" count="0" type="stmt"/>
      <line num="12" count="0" type="cond" truecount="0" falsecount="2"/>
      <line num="16" count="0" type="stmt"/>
      <line num="17" count="0" type="stmt"/>
      <line num="21" count="0" type="stmt"/>
      <line num="22" count="0" type="stmt"/>
      <line num="24" count="0" type="stmt"/>
      <line num="31" count="0" type="cond" truecount="0" falsecount="2"/>
      <line num="32" count="0" type="stmt"/>
      <line num="33" count="0" type="stmt"/>
      <line num="35" count="0" type="stmt"/>
      <line num="36" count="0" type="stmt"/>
      <line num="37" count="0" type="stmt"/>
      <line num="40" count="0" type="cond" truecount="0" falsecount="2"/>
      <line num="42" count="0" type="cond" truecount="0" falsecount="1"/>
      <line num="43" count="0" type="stmt"/>
      <line num="45" count="0" type="stmt"/>
      <line num="49" count="0" type="stmt"/>
      <line num="50" count="0" type="stmt"/>
      <line num="51" count="0" type="stmt"/>
    </file>
    <file name="utils.ts" path="/Users/hirokazu/Developer/brightsign/fakerest-test/src/utils.ts">
      <metrics statements="30" coveredstatements="24" conditionals="15" coveredconditionals="8" methods="11" coveredmethods="6"/>
      <line num="3" count="2" type="stmt"/>
      <line num="4" count="20" type="cond" truecount="2" falsecount="0"/>
      <line num="7" count="2" type="stmt"/>
      <line num="8" count="18" type="stmt"/>
      <line num="9" count="18" type="stmt"/>
      <line num="10" count="18" type="stmt"/>
      <line num="11" count="29" type="cond" truecount="1" falsecount="0"/>
      <line num="12" count="18" type="stmt"/>
      <line num="13" count="18" type="stmt"/>
      <line num="16" count="18" type="stmt"/>
      <line num="19" count="2" type="stmt"/>
      <line num="20" count="3" type="cond" truecount="1" falsecount="0"/>
      <line num="21" count="1" type="stmt"/>
      <line num="25" count="2" type="stmt"/>
      <line num="26" count="2" type="stmt"/>
      <line num="27" count="1" type="cond" truecount="1" falsecount="1"/>
      <line num="30" count="1" type="stmt"/>
      <line num="31" count="1" type="stmt"/>
      <line num="34" count="2" type="stmt"/>
      <line num="35" count="2" type="stmt"/>
      <line num="37" count="0" type="cond" truecount="0" falsecount="6"/>
      <line num="42" count="2" type="stmt"/>
      <line num="43" count="3" type="cond" truecount="3" falsecount="0"/>
      <line num="44" count="2" type="stmt"/>
      <line num="46" count="1" type="stmt"/>
      <line num="50" count="0" type="stmt"/>
      <line num="54" count="0" type="stmt"/>
      <line num="56" count="0" type="stmt"/>
      <line num="57" count="0" type="stmt"/>
      <line num="58" count="0" type="stmt"/>
    </file>
  </project>
</coverage>
