{"/Users/hirokazu/Developer/brightsign/fakerest-test/src/dataProcessor.ts": {"path":"/Users/hirokazu/Developer/brightsign/fakerest-test/src/dataProcessor.ts","statementMap":{"0":{"start":{"line":54,"column":0},"end":{"line":54,"column":16}},"1":{"start":{"line":2,"column":0},"end":{"line":2,"column":55}},"2":{"start":{"line":12,"column":48},"end":{"line":12,"column":50}},"3":{"start":{"line":13,"column":4},"end":{"line":29,"column":7}},"4":{"start":{"line":14,"column":8},"end":{"line":21,"column":9}},"5":{"start":{"line":15,"column":12},"end":{"line":20,"column":14}},"6":{"start":{"line":22,"column":22},"end":{"line":22,"column":40}},"7":{"start":{"line":23,"column":8},"end":{"line":23,"column":35}},"8":{"start":{"line":24,"column":8},"end":{"line":24,"column":29}},"9":{"start":{"line":25,"column":8},"end":{"line":25,"column":50}},"10":{"start":{"line":26,"column":8},"end":{"line":28,"column":9}},"11":{"start":{"line":27,"column":12},"end":{"line":27,"column":88}},"12":{"start":{"line":30,"column":4},"end":{"line":30,"column":19}},"13":{"start":{"line":34,"column":54},"end":{"line":34,"column":56}},"14":{"start":{"line":35,"column":58},"end":{"line":35,"column":60}},"15":{"start":{"line":36,"column":94},"end":{"line":36,"column":96}},"16":{"start":{"line":38,"column":4},"end":{"line":45,"column":7}},"17":{"start":{"line":39,"column":69},"end":{"line":39,"column":74}},"18":{"start":{"line":41,"column":30},"end":{"line":41,"column":61}},"19":{"start":{"line":42,"column":8},"end":{"line":42,"column":80}},"20":{"start":{"line":43,"column":8},"end":{"line":43,"column":88}},"21":{"start":{"line":44,"column":8},"end":{"line":44,"column":57}},"22":{"start":{"line":47,"column":4},"end":{"line":51,"column":6}},"23":{"start":{"line":57,"column":20},"end":{"line":57,"column":45}},"24":{"start":{"line":59,"column":21},"end":{"line":59,"column":45}},"25":{"start":{"line":61,"column":51},"end":{"line":61,"column":53}},"26":{"start":{"line":62,"column":47},"end":{"line":62,"column":49}},"27":{"start":{"line":64,"column":4},"end":{"line":72,"column":7}},"28":{"start":{"line":65,"column":26},"end":{"line":65,"column":49}},"29":{"start":{"line":66,"column":8},"end":{"line":66,"column":73}},"30":{"start":{"line":67,"column":8},"end":{"line":71,"column":11}},"31":{"start":{"line":68,"column":12},"end":{"line":70,"column":15}},"32":{"start":{"line":69,"column":16},"end":{"line":69,"column":65}},"33":{"start":{"line":74,"column":39},"end":{"line":74,"column":69}},"34":{"start":{"line":75,"column":44},"end":{"line":75,"column":70}},"35":{"start":{"line":77,"column":4},"end":{"line":80,"column":null}}},"fnMap":{"0":{"name":"aggregateCityStats","decl":{"start":{"line":11,"column":9},"end":{"line":11,"column":27}},"loc":{"start":{"line":11,"column":41},"end":{"line":31,"column":1}}},"1":{"name":"(anonymous_1)","decl":{"start":{"line":13,"column":18},"end":{"line":13,"column":22}},"loc":{"start":{"line":13,"column":25},"end":{"line":29,"column":5}}},"2":{"name":"computeAverages","decl":{"start":{"line":33,"column":9},"end":{"line":33,"column":24}},"loc":{"start":{"line":33,"column":59},"end":{"line":52,"column":1}}},"3":{"name":"(anonymous_3)","decl":{"start":{"line":38,"column":36},"end":{"line":38,"column":37}},"loc":{"start":{"line":38,"column":54},"end":{"line":45,"column":5}}},"4":{"name":"computeStats","decl":{"start":{"line":54,"column":16},"end":{"line":54,"column":28}},"loc":{"start":{"line":54,"column":42},"end":{"line":82,"column":1}}},"5":{"name":"(anonymous_5)","decl":{"start":{"line":64,"column":18},"end":{"line":64,"column":22}},"loc":{"start":{"line":64,"column":25},"end":{"line":72,"column":5}}},"6":{"name":"(anonymous_6)","decl":{"start":{"line":67,"column":29},"end":{"line":67,"column":35}},"loc":{"start":{"line":67,"column":38},"end":{"line":71,"column":9}}},"7":{"name":"(anonymous_7)","decl":{"start":{"line":68,"column":35},"end":{"line":68,"column":40}},"loc":{"start":{"line":68,"column":43},"end":{"line":70,"column":13}}}},"branchMap":{"0":{"loc":{"start":{"line":14,"column":8},"end":{"line":21,"column":9}},"type":"if","locations":[{"start":{"line":14,"column":8},"end":{"line":21,"column":9}}]},"1":{"loc":{"start":{"line":26,"column":8},"end":{"line":28,"column":9}},"type":"if","locations":[{"start":{"line":26,"column":8},"end":{"line":28,"column":9}}]},"2":{"loc":{"start":{"line":41,"column":30},"end":{"line":41,"column":61}},"type":"cond-expr","locations":[{"start":{"line":41,"column":48},"end":{"line":41,"column":49}},{"start":{"line":41,"column":52},"end":{"line":41,"column":61}}]},"3":{"loc":{"start":{"line":66,"column":37},"end":{"line":66,"column":67}},"type":"binary-expr","locations":[{"start":{"line":66,"column":37},"end":{"line":66,"column":62}},{"start":{"line":66,"column":66},"end":{"line":66,"column":67}}]},"4":{"loc":{"start":{"line":69,"column":37},"end":{"line":69,"column":59}},"type":"binary-expr","locations":[{"start":{"line":69,"column":37},"end":{"line":69,"column":54}},{"start":{"line":69,"column":58},"end":{"line":69,"column":59}}]}},"s":{"0":1,"1":1,"2":8,"3":8,"4":16,"5":11,"6":16,"7":16,"8":16,"9":16,"10":16,"11":11,"12":8,"13":8,"14":8,"15":8,"16":8,"17":11,"18":11,"19":11,"20":11,"21":11,"22":8,"23":8,"24":8,"25":8,"26":8,"27":8,"28":16,"29":16,"30":16,"31":20,"32":35,"33":8,"34":8,"35":8},"f":{"0":8,"1":16,"2":8,"3":11,"4":8,"5":16,"6":20,"7":35},"b":{"0":[11],"1":[11],"2":[0,11],"3":[16,11],"4":[35,15]}}
,"/Users/hirokazu/Developer/brightsign/fakerest-test/src/index.ts": {"path":"/Users/hirokazu/Developer/brightsign/fakerest-test/src/index.ts","statementMap":{"0":{"start":{"line":3,"column":0},"end":{"line":3,"column":26}},"1":{"start":{"line":5,"column":0},"end":{"line":5,"column":47}},"2":{"start":{"line":6,"column":0},"end":{"line":6,"column":54}},"3":{"start":{"line":10,"column":28},"end":{"line":10,"column":60}},"4":{"start":{"line":11,"column":24},"end":{"line":11,"column":70}},"5":{"start":{"line":11,"column":41},"end":{"line":11,"column":69}},"6":{"start":{"line":12,"column":4},"end":{"line":12,"column":69}},"7":{"start":{"line":16,"column":4},"end":{"line":25,"column":5}},"8":{"start":{"line":17,"column":25},"end":{"line":20,"column":10}},"9":{"start":{"line":21,"column":27},"end":{"line":21,"column":51}},"10":{"start":{"line":22,"column":8},"end":{"line":22,"column":44}},"11":{"start":{"line":24,"column":8},"end":{"line":24,"column":82}},"12":{"start":{"line":31,"column":21},"end":{"line":31,"column":77}},"13":{"start":{"line":32,"column":22},"end":{"line":32,"column":55}},"14":{"start":{"line":33,"column":18},"end":{"line":33,"column":46}},"15":{"start":{"line":35,"column":4},"end":{"line":46,"column":5}},"16":{"start":{"line":36,"column":22},"end":{"line":36,"column":48}},"17":{"start":{"line":37,"column":23},"end":{"line":37,"column":42}},"18":{"start":{"line":40,"column":8},"end":{"line":40,"column":90}},"19":{"start":{"line":42,"column":8},"end":{"line":44,"column":9}},"20":{"start":{"line":43,"column":12},"end":{"line":43,"column":41}},"21":{"start":{"line":45,"column":8},"end":{"line":45,"column":24}},"22":{"start":{"line":49,"column":0},"end":{"line":52,"column":3}},"23":{"start":{"line":50,"column":4},"end":{"line":50,"column":52}},"24":{"start":{"line":51,"column":4},"end":{"line":51,"column":20}}},"fnMap":{"0":{"name":"parseEndpointArgs","decl":{"start":{"line":9,"column":9},"end":{"line":9,"column":26}},"loc":{"start":{"line":9,"column":41},"end":{"line":13,"column":1}}},"1":{"name":"(anonymous_9)","decl":{"start":{"line":11,"column":34},"end":{"line":11,"column":37}},"loc":{"start":{"line":11,"column":41},"end":{"line":11,"column":69}}},"2":{"name":"fetchUsers","decl":{"start":{"line":15,"column":15},"end":{"line":15,"column":25}},"loc":{"start":{"line":15,"column":42},"end":{"line":26,"column":null}}},"3":{"name":"main","decl":{"start":{"line":29,"column":15},"end":{"line":29,"column":19}},"loc":{"start":{"line":29,"column":19},"end":{"line":47,"column":null}}},"4":{"name":"(anonymous_14)","decl":{"start":{"line":49,"column":13},"end":{"line":49,"column":14}},"loc":{"start":{"line":49,"column":21},"end":{"line":52,"column":1}}}},"branchMap":{"0":{"loc":{"start":{"line":12,"column":11},"end":{"line":12,"column":68}},"type":"cond-expr","locations":[{"start":{"line":12,"column":25},"end":{"line":12,"column":50}},{"start":{"line":12,"column":53},"end":{"line":12,"column":68}}]},"1":{"loc":{"start":{"line":31,"column":21},"end":{"line":31,"column":77}},"type":"binary-expr","locations":[{"start":{"line":31,"column":21},"end":{"line":31,"column":41}},{"start":{"line":31,"column":45},"end":{"line":31,"column":77}}]},"2":{"loc":{"start":{"line":40,"column":20},"end":{"line":40,"column":88}},"type":"cond-expr","locations":[{"start":{"line":40,"column":32},"end":{"line":40,"column":54}},{"start":{"line":40,"column":57},"end":{"line":40,"column":88}}]},"3":{"loc":{"start":{"line":42,"column":8},"end":{"line":44,"column":9}},"type":"if","locations":[{"start":{"line":42,"column":8},"end":{"line":44,"column":9}}]}},"s":{"0":0,"1":0,"2":0,"3":0,"4":0,"5":0,"6":0,"7":0,"8":0,"9":0,"10":0,"11":0,"12":0,"13":0,"14":0,"15":0,"16":0,"17":0,"18":0,"19":0,"20":0,"21":0,"22":0,"23":0,"24":0},"f":{"0":0,"1":0,"2":0,"3":0,"4":0},"b":{"0":[0,0],"1":[0,0],"2":[0,0],"3":[0]}}
,"/Users/hirokazu/Developer/brightsign/fakerest-test/src/utils.ts": {"path":"/Users/hirokazu/Developer/brightsign/fakerest-test/src/utils.ts","statementMap":{"0":{"start":{"line":3,"column":0},"end":{"line":3,"column":16}},"1":{"start":{"line":7,"column":0},"end":{"line":7,"column":16}},"2":{"start":{"line":19,"column":0},"end":{"line":19,"column":16}},"3":{"start":{"line":42,"column":0},"end":{"line":42,"column":16}},"4":{"start":{"line":4,"column":4},"end":{"line":4,"column":46}},"5":{"start":{"line":8,"column":19},"end":{"line":8,"column":21}},"6":{"start":{"line":9,"column":21},"end":{"line":9,"column":23}},"7":{"start":{"line":10,"column":4},"end":{"line":15,"column":5}},"8":{"start":{"line":11,"column":8},"end":{"line":14,"column":9}},"9":{"start":{"line":12,"column":12},"end":{"line":12,"column":29}},"10":{"start":{"line":13,"column":12},"end":{"line":13,"column":29}},"11":{"start":{"line":16,"column":4},"end":{"line":16,"column":22}},"12":{"start":{"line":20,"column":4},"end":{"line":22,"column":5}},"13":{"start":{"line":21,"column":8},"end":{"line":21,"column":57}},"14":{"start":{"line":25,"column":4},"end":{"line":39,"column":5}},"15":{"start":{"line":26,"column":23},"end":{"line":26,"column":42}},"16":{"start":{"line":27,"column":8},"end":{"line":27,"column":57}},"17":{"start":{"line":30,"column":8},"end":{"line":38,"column":9}},"18":{"start":{"line":31,"column":12},"end":{"line":35,"column":47}},"19":{"start":{"line":34,"column":32},"end":{"line":34,"column":43}},"20":{"start":{"line":35,"column":29},"end":{"line":35,"column":45}},"21":{"start":{"line":37,"column":12},"end":{"line":37,"column":86}},"22":{"start":{"line":43,"column":4},"end":{"line":45,"column":5}},"23":{"start":{"line":44,"column":8},"end":{"line":44,"column":60}},"24":{"start":{"line":46,"column":4},"end":{"line":46,"column":26}},"25":{"start":{"line":50,"column":4},"end":{"line":50,"column":31}},"26":{"start":{"line":54,"column":4},"end":{"line":58,"column":39}},"27":{"start":{"line":56,"column":21},"end":{"line":56,"column":32}},"28":{"start":{"line":57,"column":24},"end":{"line":57,"column":39}},"29":{"start":{"line":58,"column":21},"end":{"line":58,"column":37}}},"fnMap":{"0":{"name":"getFirstName","decl":{"start":{"line":3,"column":16},"end":{"line":3,"column":28}},"loc":{"start":{"line":3,"column":45},"end":{"line":5,"column":1}}},"1":{"name":"findMostCommon","decl":{"start":{"line":7,"column":16},"end":{"line":7,"column":30}},"loc":{"start":{"line":7,"column":61},"end":{"line":17,"column":1}}},"2":{"name":"parseJSON","decl":{"start":{"line":19,"column":16},"end":{"line":19,"column":25}},"loc":{"start":{"line":19,"column":41},"end":{"line":40,"column":1}}},"3":{"name":"(anonymous_3)","decl":{"start":{"line":34,"column":24},"end":{"line":34,"column":28}},"loc":{"start":{"line":34,"column":32},"end":{"line":34,"column":43}}},"4":{"name":"(anonymous_4)","decl":{"start":{"line":35,"column":21},"end":{"line":35,"column":25}},"loc":{"start":{"line":35,"column":29},"end":{"line":35,"column":45}}},"5":{"name":"validateUserData","decl":{"start":{"line":42,"column":16},"end":{"line":42,"column":32}},"loc":{"start":{"line":42,"column":44},"end":{"line":47,"column":1}}},"6":{"name":"parseStandardJSON","decl":{"start":{"line":49,"column":9},"end":{"line":49,"column":26}},"loc":{"start":{"line":49,"column":42},"end":{"line":51,"column":1}}},"7":{"name":"parseNDJSON","decl":{"start":{"line":53,"column":9},"end":{"line":53,"column":20}},"loc":{"start":{"line":53,"column":36},"end":{"line":59,"column":1}}},"8":{"name":"(anonymous_8)","decl":{"start":{"line":56,"column":13},"end":{"line":56,"column":17}},"loc":{"start":{"line":56,"column":21},"end":{"line":56,"column":32}}},"9":{"name":"(anonymous_9)","decl":{"start":{"line":57,"column":16},"end":{"line":57,"column":20}},"loc":{"start":{"line":57,"column":24},"end":{"line":57,"column":39}}},"10":{"name":"(anonymous_10)","decl":{"start":{"line":58,"column":13},"end":{"line":58,"column":17}},"loc":{"start":{"line":58,"column":21},"end":{"line":58,"column":37}}}},"branchMap":{"0":{"loc":{"start":{"line":4,"column":11},"end":{"line":4,"column":45}},"type":"binary-expr","locations":[{"start":{"line":4,"column":11},"end":{"line":4,"column":33}},{"start":{"line":4,"column":37},"end":{"line":4,"column":45}}]},"1":{"loc":{"start":{"line":11,"column":8},"end":{"line":14,"column":9}},"type":"if","locations":[{"start":{"line":11,"column":8},"end":{"line":14,"column":9}}]},"2":{"loc":{"start":{"line":20,"column":4},"end":{"line":22,"column":5}},"type":"if","locations":[{"start":{"line":20,"column":4},"end":{"line":22,"column":5}}]},"3":{"loc":{"start":{"line":27,"column":15},"end":{"line":27,"column":56}},"type":"cond-expr","locations":[{"start":{"line":27,"column":39},"end":{"line":27,"column":45}},{"start":{"line":27,"column":48},"end":{"line":27,"column":56}}]},"4":{"loc":{"start":{"line":37,"column":53},"end":{"line":37,"column":82}},"type":"binary-expr","locations":[{"start":{"line":37,"column":53},"end":{"line":37,"column":63}},{"start":{"line":37,"column":67},"end":{"line":37,"column":82}}]},"5":{"loc":{"start":{"line":37,"column":53},"end":{"line":37,"column":63}},"type":"cond-expr","locations":[{"start":{"line":37,"column":54},"end":{"line":37,"column":56}},{"start":{"line":37,"column":53},"end":{"line":37,"column":63}}]},"6":{"loc":{"start":{"line":37,"column":53},"end":{"line":37,"column":56}},"type":"binary-expr","locations":[{"start":{"line":37,"column":53},"end":{"line":37,"column":56}},{"start":{"line":37,"column":53},"end":{"line":37,"column":56}}]},"7":{"loc":{"start":{"line":43,"column":4},"end":{"line":45,"column":5}},"type":"if","locations":[{"start":{"line":43,"column":4},"end":{"line":45,"column":5}}]},"8":{"loc":{"start":{"line":43,"column":8},"end":{"line":43,"column":49}},"type":"binary-expr","locations":[{"start":{"line":43,"column":8},"end":{"line":43,"column":28}},{"start":{"line":43,"column":32},"end":{"line":43,"column":49}}]}},"s":{"0":2,"1":2,"2":2,"3":2,"4":20,"5":18,"6":18,"7":18,"8":29,"9":18,"10":18,"11":18,"12":3,"13":1,"14":2,"15":2,"16":1,"17":1,"18":1,"19":2,"20":2,"21":0,"22":3,"23":2,"24":1,"25":0,"26":0,"27":0,"28":0,"29":0},"f":{"0":20,"1":18,"2":3,"3":2,"4":2,"5":3,"6":0,"7":0,"8":0,"9":0,"10":0},"b":{"0":[20,1],"1":[18],"2":[1],"3":[1,0],"4":[0,0],"5":[0,0],"6":[0,0],"7":[2],"8":[3,2]}}
}
