TN:
SF:src/dataProcessor.ts
FN:11,aggregateCityStats
FN:13,(anonymous_1)
FN:33,computeAverages
FN:38,(anonymous_3)
FN:54,computeStats
FN:64,(anonymous_5)
FN:67,(anonymous_6)
FN:68,(anonymous_7)
FNF:8
FNH:8
FNDA:8,aggregateCityStats
FNDA:16,(anonymous_1)
FNDA:8,computeAverages
FNDA:11,(anonymous_3)
FNDA:8,computeStats
FNDA:16,(anonymous_5)
FNDA:20,(anonymous_6)
FNDA:35,(anonymous_7)
DA:2,1
DA:12,8
DA:13,8
DA:14,16
DA:15,11
DA:22,16
DA:23,16
DA:24,16
DA:25,16
DA:26,16
DA:27,11
DA:30,8
DA:34,8
DA:35,8
DA:36,8
DA:38,8
DA:39,11
DA:41,11
DA:42,11
DA:43,11
DA:44,11
DA:47,8
DA:54,1
DA:57,8
DA:59,8
DA:61,8
DA:62,8
DA:64,8
DA:65,16
DA:66,16
DA:67,16
DA:68,20
DA:69,35
DA:74,8
DA:75,8
DA:77,8
LF:36
LH:36
BRDA:14,0,0,11
BRDA:26,1,0,11
BRDA:41,2,0,0
BRDA:41,2,1,11
BRDA:66,3,0,16
BRDA:66,3,1,11
BRDA:69,4,0,35
BRDA:69,4,1,15
BRF:8
BRH:7
end_of_record
TN:
SF:src/index.ts
FN:9,parseEndpointArgs
FN:11,(anonymous_9)
FN:15,fetchUsers
FN:29,main
FN:49,(anonymous_14)
FNF:5
FNH:0
FNDA:0,parseEndpointArgs
FNDA:0,(anonymous_9)
FNDA:0,fetchUsers
FNDA:0,main
FNDA:0,(anonymous_14)
DA:3,0
DA:5,0
DA:6,0
DA:10,0
DA:11,0
DA:12,0
DA:16,0
DA:17,0
DA:21,0
DA:22,0
DA:24,0
DA:31,0
DA:32,0
DA:33,0
DA:35,0
DA:36,0
DA:37,0
DA:40,0
DA:42,0
DA:43,0
DA:45,0
DA:49,0
DA:50,0
DA:51,0
LF:24
LH:0
BRDA:12,0,0,0
BRDA:12,0,1,0
BRDA:31,1,0,0
BRDA:31,1,1,0
BRDA:40,2,0,0
BRDA:40,2,1,0
BRDA:42,3,0,0
BRF:7
BRH:0
end_of_record
TN:
SF:src/utils.ts
FN:3,getFirstName
FN:7,findMostCommon
FN:19,parseJSON
FN:34,(anonymous_3)
FN:35,(anonymous_4)
FN:42,validateUserData
FN:49,parseStandardJSON
FN:53,parseNDJSON
FN:56,(anonymous_8)
FN:57,(anonymous_9)
FN:58,(anonymous_10)
FNF:11
FNH:6
FNDA:20,getFirstName
FNDA:18,findMostCommon
FNDA:3,parseJSON
FNDA:2,(anonymous_3)
FNDA:2,(anonymous_4)
FNDA:3,validateUserData
FNDA:0,parseStandardJSON
FNDA:0,parseNDJSON
FNDA:0,(anonymous_8)
FNDA:0,(anonymous_9)
FNDA:0,(anonymous_10)
DA:3,2
DA:4,20
DA:7,2
DA:8,18
DA:9,18
DA:10,18
DA:11,29
DA:12,18
DA:13,18
DA:16,18
DA:19,2
DA:20,3
DA:21,1
DA:25,2
DA:26,2
DA:27,1
DA:30,1
DA:31,1
DA:34,2
DA:35,2
DA:37,0
DA:42,2
DA:43,3
DA:44,2
DA:46,1
DA:50,0
DA:54,0
DA:56,0
DA:57,0
DA:58,0
LF:30
LH:24
BRDA:4,0,0,20
BRDA:4,0,1,1
BRDA:11,1,0,18
BRDA:20,2,0,1
BRDA:27,3,0,1
BRDA:27,3,1,0
BRDA:37,4,0,0
BRDA:37,4,1,0
BRDA:37,5,0,0
BRDA:37,5,1,0
BRDA:37,6,0,0
BRDA:37,6,1,0
BRDA:43,7,0,2
BRDA:43,8,0,3
BRDA:43,8,1,2
BRF:15
BRH:8
end_of_record
